<?xml version="1.0" encoding="UTF-8"?>
<testsuites name="SH collection" time="129.42" tests="2" failures="0" errors="0">
   <testsuite name="Smoke suite" tests="2" failures="0" errors="0" time="114.989" skipped="0" timestamp="23-01-2024T13:11:44" hostname="qabletestlab - 192.168.1.9" id="Test Suites/Smoke suite">
      <properties>
         <property name="deviceName"/>
         <property name="devicePlatform" value="MAC"/>
         <property name="logFolder" value="/Users/qabletestlab/git/SH_katalon_visual/Reports/20240123_131130/Smoke suite/20240123_131131"/>
         <property name="logFiles" value="/Users/qabletestlab/git/SH_katalon_visual/Reports/20240123_131130/Smoke suite/20240123_131131/execution0.log"/>
         <property name="attachments" value="keyes/keyes-Wellcomepage.png"/>
         <property name="hostName" value="qabletestlab - 192.168.1.9"/>
         <property name="remoteDriverUrl" value="testcloud.katalon.com/hub"/>
         <property name="desiredCapabilities" value="{&#xa;  &quot;timeouts&quot;: {&#xa;    &quot;implicit&quot;: 0,&#xa;    &quot;pageLoad&quot;: 300000,&#xa;    &quot;script&quot;: 30000&#xa;  },&#xa;  &quot;platform&quot;: &quot;MAC&quot;,&#xa;  &quot;goog:chromeOptions&quot;: {&#xa;    &quot;debuggerAddress&quot;: &quot;localhost:9225&quot;&#xa;  },&#xa;  &quot;requestId&quot;: &quot;10d66237-125d-4bf0-941b-df49e093f55c&quot;,&#xa;  &quot;webauthn:extension:credBlob&quot;: true,&#xa;  &quot;acceptInsecureCerts&quot;: false,&#xa;  &quot;browserVersion&quot;: &quot;119.0.0.0&quot;,&#xa;  &quot;fedcm:accounts&quot;: true,&#xa;  &quot;browserName&quot;: &quot;chrome&quot;,&#xa;  &quot;javascriptEnabled&quot;: true,&#xa;  &quot;katalon:option&quot;: {&#xa;    &quot;unlimitedExecutionMinutes&quot;: true,&#xa;    &quot;userId&quot;: 1402564,&#xa;    &quot;organizationId&quot;: &quot;1359117&quot;,&#xa;    &quot;class&quot;: &quot;com.katalon.testcloud.grid.common.tunnel.domain.UserOptionCapability&quot;,&#xa;    &quot;runFromTestCloud&quot;: true,&#xa;    &quot;usingTunnel&quot;: false&#xa;  },&#xa;  &quot;platformName&quot;: &quot;MAC&quot;,&#xa;  &quot;setWindowRect&quot;: true,&#xa;  &quot;webauthn:extension:largeBlob&quot;: true,&#xa;  &quot;networkConnectionEnabled&quot;: false,&#xa;  &quot;chrome&quot;: {&#xa;    &quot;chromedriverVersion&quot;: &quot;119.0.6045.9 (c7ec5863fa5c563b4b9057148aa2ae3f09f7994e-refs/branch-heads/6045@{#87})&quot;,&#xa;    &quot;userDataDir&quot;: &quot;/var/folders/_8/4rn6b7zj3v36pmd8ndd9yvbr0000gp/T/.org.chromium.Chromium.dfHIPz&quot;&#xa;  },&#xa;  &quot;os&quot;: &quot;macos&quot;,&#xa;  &quot;pageLoadStrategy&quot;: &quot;normal&quot;,&#xa;  &quot;unhandledPromptBehavior&quot;: &quot;dismiss and notify&quot;,&#xa;  &quot;strictFileInteractability&quot;: false,&#xa;  &quot;***:loadExtension&quot;: [&#xa;    &quot;https://prod-magicleap-user-files-us-east-1-v1.s3.amazonaws.com/extensions/orgId-691279/SmartWait.zip&quot;&#xa;  ],&#xa;  &quot;version&quot;: &quot;119&quot;,&#xa;  &quot;se:cdp&quot;: &quot;ws://172.48.62.105:4444/session/22433e4ac4669a564173a08cecfd018f/se/cdp&quot;,&#xa;  &quot;proxy&quot;: {&#xa;    &quot;proxyType&quot;: &quot;DIRECT&quot;,&#xa;    &quot;autodetect&quot;: false&#xa;  },&#xa;  &quot;webauthn:extension:minPinLength&quot;: true,&#xa;  &quot;webdriver.remote.sessionid&quot;: &quot;22433e4ac4669a564173a08cecfd018f&quot;,&#xa;  &quot;webauthn:extension:prf&quot;: true,&#xa;  &quot;webauthn:virtualAuthenticators&quot;: true&#xa;}"/>
         <property name="os" value="Mac OS X 64bit"/>
         <property name="remoteOS" value="MacOS"/>
         <property name="katalonVersion" value="9.2.0.212"/>
         <property name="browser" value="Chrome 119.0.0.0"/>
         <property name="hostAddress" value="192.168.1.9"/>
         <property name="sessionId" value="22433e4ac4669a564173a08cecfd018f"/>
         <property name="seleniumVersion" value="3.141.59"/>
         <property name="proxyInformation" value="ProxyInformation { proxyOption=NO_PROXY, proxyServerType=HTTP, username=, password=********, proxyServerAddress=, proxyServerPort=0, executionList=&quot;&quot;, isApplyToDesiredCapabilities=true }"/>
         <property name="platform" value="Mac OS X"/>
      </properties>
      <testcase name="Test Cases/Login" time="44.245" classname="Test Cases/Login" status="PASSED">
         <system-out><![CDATA[23-01-2024T13:11:44 - [TEST_CASE][PASSED] - Test Cases/Login: Test Cases/Login

23-01-2024T13:11:45 - [TEST_STEP][PASSED] - openBrowser(""): Browser is opened with url: ''

23-01-2024T13:11:45 - [MESSAGE][INFO] - User set preference: ['os', 'macos']

23-01-2024T13:11:45 - [MESSAGE][INFO] - User set preference: ['browserName', 'chrome']

23-01-2024T13:11:45 - [MESSAGE][INFO] - User set preference: ['browserVersion', '119']

23-01-2024T13:11:45 - [MESSAGE][INFO] - User set preference: ['katalon:option', '{organizationId=1359117, tunnelId=, usingTunnel=false}']

23-01-2024T13:11:45 - [MESSAGE][INFO] - Connecting to remote web server 'testcloud.katalon.com/hub' with type 'Selenium'

23-01-2024T13:11:45 - [MESSAGE][INFO] - Action delay is set to 0 milliseconds

23-01-2024T13:12:19 - [MESSAGE][PASSED] - Browser is opened with url: ''

23-01-2024T13:12:19 - [TEST_STEP][PASSED] - navigateToUrl("https://pyxis.lifeisgoodforlearner.com/login"): Navigate to 'https://pyxis.lifeisgoodforlearner.com/login' successfully

23-01-2024T13:12:23 - [MESSAGE][PASSED] - Navigate to 'https://pyxis.lifeisgoodforlearner.com/login' successfully

23-01-2024T13:12:23 - [TEST_STEP][PASSED] - takeScreenshotAsCheckpoint("Wellcomepage"): Taking screenshot successfully

23-01-2024T13:12:28 - [MESSAGE][INFO] - 0 hidden object(s)

23-01-2024T13:12:29 - [MESSAGE][PASSED] - Taking screenshot successfully
[[ATTACHMENT|keyes/keyes-Wellcomepage.png]]]]></system-out>
         <system-err><![CDATA[]]></system-err>
      </testcase>
      <testcase name="Test Cases/VerifyDashboard" time="70.346" classname="Test Cases/VerifyDashboard" status="PASSED">
         <system-out><![CDATA[23-01-2024T13:12:29 - [TEST_CASE][PASSED] - Test Cases/VerifyDashboard: Test Cases/VerifyDashboard

23-01-2024T13:12:29 - [TEST_STEP][PASSED] - openBrowser(""): Browser is opened with url: ''

23-01-2024T13:12:29 - [MESSAGE][WARNING] - A browser is already opened. Closing browser and opening a new one

23-01-2024T13:12:30 - [MESSAGE][INFO] - User set preference: ['os', 'macos']

23-01-2024T13:12:30 - [MESSAGE][INFO] - User set preference: ['browserName', 'chrome']

23-01-2024T13:12:30 - [MESSAGE][INFO] - User set preference: ['browserVersion', '119']

23-01-2024T13:12:30 - [MESSAGE][INFO] - User set preference: ['katalon:option', '{organizationId=1359117, tunnelId=, usingTunnel=false}']

23-01-2024T13:12:30 - [MESSAGE][INFO] - Connecting to remote web server 'testcloud.katalon.com/hub' with type 'Selenium'

23-01-2024T13:12:30 - [MESSAGE][INFO] - Action delay is set to 0 milliseconds

23-01-2024T13:13:00 - [MESSAGE][PASSED] - Browser is opened with url: ''

23-01-2024T13:13:00 - [TEST_STEP][PASSED] - navigateToUrl("https://pyxis.lifeisgoodforlearner.com/login"): Navigate to 'https://pyxis.lifeisgoodforlearner.com/login' successfully

23-01-2024T13:13:03 - [MESSAGE][PASSED] - Navigate to 'https://pyxis.lifeisgoodforlearner.com/login' successfully

23-01-2024T13:13:03 - [TEST_STEP][PASSED] - setText(findTestObject("Object Repository/logout/input_email"), "ankit@qable.io"): Text 'ankit@qable.io' is set on object 'Object Repository/logout/input_email'

23-01-2024T13:13:10 - [MESSAGE][PASSED] - Text 'ankit@qable.io' is set on object 'Object Repository/logout/input_email'

23-01-2024T13:13:10 - [TEST_STEP][PASSED] - setEncryptedText(findTestObject("Object Repository/logout/input_password"), "GTlPq8sqzIAVcUdIXgqPeg=="): Text ****** has been set on object 'Object Repository/logout/input_password'

23-01-2024T13:13:14 - [MESSAGE][PASSED] - Text ****** has been set on object 'Object Repository/logout/input_password'

23-01-2024T13:13:14 - [TEST_STEP][PASSED] - click(findTestObject("Object Repository/logout/button_Login")): Object: 'Object Repository/logout/button_Login' is clicked on

23-01-2024T13:13:17 - [MESSAGE][PASSED] - Object: 'Object Repository/logout/button_Login' is clicked on

23-01-2024T13:13:17 - [TEST_STEP][PASSED] - verifyElementVisible(findTestObject("Object Repository/logout/button_Create Sequence")): Object 'Object Repository/logout/button_Create Sequence' is visible

23-01-2024T13:13:23 - [MESSAGE][PASSED] - Object 'Object Repository/logout/button_Create Sequence' is visible

23-01-2024T13:13:23 - [TEST_STEP][PASSED] - click(findTestObject("Object Repository/logout/div_AP")): Object: 'Object Repository/logout/div_AP' is clicked on

23-01-2024T13:13:27 - [MESSAGE][PASSED] - Object: 'Object Repository/logout/div_AP' is clicked on

23-01-2024T13:13:27 - [TEST_STEP][PASSED] - verifyElementVisible(findTestObject("Object Repository/logout/div_Log Out")): Object 'Object Repository/logout/div_Log Out' is visible

23-01-2024T13:13:33 - [MESSAGE][PASSED] - Object 'Object Repository/logout/div_Log Out' is visible

23-01-2024T13:13:33 - [TEST_STEP][PASSED] - click(findTestObject("Object Repository/logout/div_Log Out")): Object: 'Object Repository/logout/div_Log Out' is clicked on

23-01-2024T13:13:36 - [MESSAGE][PASSED] - Object: 'Object Repository/logout/div_Log Out' is clicked on

23-01-2024T13:13:36 - [TEST_STEP][PASSED] - verifyElementVisible(findTestObject("Object Repository/logout/span_Welcome Back to Saleshandy")): Object 'Object Repository/logout/span_Welcome Back to Saleshandy' is visible

23-01-2024T13:13:39 - [MESSAGE][PASSED] - Object 'Object Repository/logout/span_Welcome Back to Saleshandy' is visible]]></system-out>
         <system-err><![CDATA[]]></system-err>
      </testcase>
      <system-out><![CDATA[23-01-2024T13:11:44 - [TEST_SUITE][PASSED] - Smoke suite: Test Cases/VerifyDashboard]]></system-out>
      <system-err><![CDATA[]]></system-err>
   </testsuite>
</testsuites>
