<?xml version="1.0" encoding="UTF-8"?>
<testsuites name="Smoke suite" time="240.763" tests="2" failures="0" errors="0">
   <testsuite name="Smoke suite" tests="2" failures="0" errors="0" time="240.763" skipped="0" timestamp="23-01-2024T17:47:35" hostname="qabletestlab - 192.168.1.9" id="Test Suites/Smoke suite">
      <properties>
         <property name="deviceName"/>
         <property name="devicePlatform" value="WINDOWS"/>
         <property name="logFolder" value="/Users/qabletestlab/git/SH_katalon_visual/Reports/20240123_174726/Smoke suite/20240123_174726"/>
         <property name="logFiles" value="/Users/qabletestlab/git/SH_katalon_visual/Reports/20240123_174726/Smoke suite/20240123_174726/execution0.log"/>
         <property name="attachments" value="keyes/keyes-homepage.png, keyes/keyes-dashboard.png, keyes/keyes-homepage.png, keyes/keyes-dashboard.png, keyes/keyes-logout.png, keyes/keyes-hopageFull.png"/>
         <property name="hostName" value="qabletestlab - 192.168.1.9"/>
         <property name="remoteDriverUrl" value="testcloud.katalon.com/hub"/>
         <property name="desiredCapabilities" value="{&#xa;  &quot;timeouts&quot;: {&#xa;    &quot;implicit&quot;: 0,&#xa;    &quot;pageLoad&quot;: 300000,&#xa;    &quot;script&quot;: 30000&#xa;  },&#xa;  &quot;platform&quot;: &quot;WINDOWS&quot;,&#xa;  &quot;goog:chromeOptions&quot;: {&#xa;    &quot;debuggerAddress&quot;: &quot;localhost:9225&quot;&#xa;  },&#xa;  &quot;requestId&quot;: &quot;04ed4ead-8534-4ee5-b000-cbda5ab9becd&quot;,&#xa;  &quot;webauthn:extension:credBlob&quot;: true,&#xa;  &quot;acceptInsecureCerts&quot;: false,&#xa;  &quot;browserVersion&quot;: &quot;119.0.0.0&quot;,&#xa;  &quot;fedcm:accounts&quot;: true,&#xa;  &quot;browserName&quot;: &quot;chrome&quot;,&#xa;  &quot;javascriptEnabled&quot;: true,&#xa;  &quot;katalon:option&quot;: {&#xa;    &quot;unlimitedExecutionMinutes&quot;: true,&#xa;    &quot;userId&quot;: 1402564,&#xa;    &quot;organizationId&quot;: &quot;1359117&quot;,&#xa;    &quot;class&quot;: &quot;com.katalon.testcloud.grid.common.tunnel.domain.UserOptionCapability&quot;,&#xa;    &quot;runFromTestCloud&quot;: true,&#xa;    &quot;usingTunnel&quot;: false&#xa;  },&#xa;  &quot;platformName&quot;: &quot;WINDOWS&quot;,&#xa;  &quot;setWindowRect&quot;: true,&#xa;  &quot;webauthn:extension:largeBlob&quot;: true,&#xa;  &quot;networkConnectionEnabled&quot;: false,&#xa;  &quot;chrome&quot;: {&#xa;    &quot;chromedriverVersion&quot;: &quot;119.0.6045.9 (c7ec5863fa5c563b4b9057148aa2ae3f09f7994e-refs/branch-heads/6045@{#87})&quot;,&#xa;    &quot;userDataDir&quot;: &quot;C:\\Program Files (x86)\\scoped_dir200_1220910405&quot;&#xa;  },&#xa;  &quot;os&quot;: &quot;windows&quot;,&#xa;  &quot;pageLoadStrategy&quot;: &quot;normal&quot;,&#xa;  &quot;unhandledPromptBehavior&quot;: &quot;dismiss and notify&quot;,&#xa;  &quot;strictFileInteractability&quot;: false,&#xa;  &quot;***:loadExtension&quot;: [&#xa;    &quot;https://prod-magicleap-user-files-us-east-1-v1.s3.amazonaws.com/extensions/orgId-691279/SmartWait.zip&quot;&#xa;  ],&#xa;  &quot;version&quot;: &quot;119&quot;,&#xa;  &quot;se:cdp&quot;: &quot;ws://172.48.83.197:4444/session/3ba676d5d9888faa1dc4f12368c2fa91/se/cdp&quot;,&#xa;  &quot;proxy&quot;: {&#xa;    &quot;proxyType&quot;: &quot;DIRECT&quot;,&#xa;    &quot;autodetect&quot;: false&#xa;  },&#xa;  &quot;webauthn:extension:minPinLength&quot;: true,&#xa;  &quot;webdriver.remote.sessionid&quot;: &quot;3ba676d5d9888faa1dc4f12368c2fa91&quot;,&#xa;  &quot;webauthn:extension:prf&quot;: true,&#xa;  &quot;webauthn:virtualAuthenticators&quot;: true&#xa;}"/>
         <property name="os" value="Mac OS X 64bit"/>
         <property name="remoteOS" value="Windows"/>
         <property name="katalonVersion" value="9.2.0.212"/>
         <property name="browser" value="Chrome 119.0.0.0"/>
         <property name="hostAddress" value="192.168.1.9"/>
         <property name="sessionId" value="3ba676d5d9888faa1dc4f12368c2fa91"/>
         <property name="seleniumVersion" value="3.141.59"/>
         <property name="proxyInformation" value="ProxyInformation { proxyOption=NO_PROXY, proxyServerType=HTTP, username=, password=********, proxyServerAddress=, proxyServerPort=0, executionList=&quot;&quot;, isApplyToDesiredCapabilities=true }"/>
         <property name="platform" value="Mac OS X"/>
      </properties>
      <testcase name="Test Cases/Login" time="103.903" classname="Test Cases/Login" status="PASSED">
         <system-out><![CDATA[23-01-2024T17:47:35 - [TEST_CASE][PASSED] - Test Cases/Login: Test Cases/Login

23-01-2024T17:47:35 - [TEST_STEP][PASSED] - openBrowser(""): Browser is opened with url: ''

23-01-2024T17:47:36 - [MESSAGE][INFO] - User set preference: ['os', 'windows']

23-01-2024T17:47:36 - [MESSAGE][INFO] - User set preference: ['browserName', 'chrome']

23-01-2024T17:47:36 - [MESSAGE][INFO] - User set preference: ['browserVersion', '119']

23-01-2024T17:47:36 - [MESSAGE][INFO] - User set preference: ['katalon:option', '{organizationId=1359117, tunnelId=, usingTunnel=false}']

23-01-2024T17:47:36 - [MESSAGE][INFO] - Connecting to remote web server 'testcloud.katalon.com/hub' with type 'Selenium'

23-01-2024T17:47:36 - [MESSAGE][INFO] - Action delay is set to 0 milliseconds

23-01-2024T17:48:06 - [MESSAGE][PASSED] - Browser is opened with url: ''

23-01-2024T17:48:06 - [TEST_STEP][PASSED] - navigateToUrl("https://pyxis.lifeisgoodforlearner.com/login"): Navigate to 'https://pyxis.lifeisgoodforlearner.com/login' successfully

23-01-2024T17:48:11 - [MESSAGE][PASSED] - Navigate to 'https://pyxis.lifeisgoodforlearner.com/login' successfully

23-01-2024T17:48:11 - [TEST_STEP][PASSED] - takeScreenshotAsCheckpoint("homepage"): Taking screenshot successfully

23-01-2024T17:48:22 - [MESSAGE][INFO] - 0 hidden object(s)

23-01-2024T17:48:22 - [MESSAGE][PASSED] - Taking screenshot successfully
[[ATTACHMENT|keyes/keyes-homepage.png]]

23-01-2024T17:48:22 - [TEST_STEP][PASSED] - sendKeys(findTestObject("Page_Login/input_email"), "ankit@qable.io"): Keys 'ankit@qable.io' sent to object: 'Object Repository/Page_Login/input_email'

23-01-2024T17:48:26 - [MESSAGE][PASSED] - Keys 'ankit@qable.io' sent to object: 'Object Repository/Page_Login/input_email'

23-01-2024T17:48:26 - [TEST_STEP][PASSED] - sendKeys(findTestObject("Page_Login/input_password"), "QAble@2020"): Keys 'QAble@2020' sent to object: 'Object Repository/Page_Login/input_password'

23-01-2024T17:48:29 - [MESSAGE][PASSED] - Keys 'QAble@2020' sent to object: 'Object Repository/Page_Login/input_password'

23-01-2024T17:48:29 - [TEST_STEP][PASSED] - click(findTestObject("Page_Login/span_Login")): Object: 'Object Repository/Page_Login/span_Login' is clicked on

23-01-2024T17:48:32 - [MESSAGE][PASSED] - Object: 'Object Repository/Page_Login/span_Login' is clicked on

23-01-2024T17:48:32 - [TEST_STEP][PASSED] - takeScreenshotAsCheckpoint("dashboard"): Taking screenshot successfully

23-01-2024T17:48:42 - [MESSAGE][INFO] - 0 hidden object(s)

23-01-2024T17:48:42 - [MESSAGE][PASSED] - Taking screenshot successfully
[[ATTACHMENT|keyes/keyes-dashboard.png]]

23-01-2024T17:48:42 - [TEST_STEP][PASSED] - verifyElementVisible(findTestObject("Object Repository/Page_Login/svg")): Object 'Object Repository/Page_Login/svg' is visible

23-01-2024T17:49:15 - [MESSAGE][INFO] - Unable to find the element located by 'By.xpath: '. Please recheck the objects properties to make sure the desired element is located. 

23-01-2024T17:49:15 - [MESSAGE][WARNING] - [SELF-HEALING] Failed to find element with id 'Object Repository/Page_Login/svg'. Try using Self-healing.

23-01-2024T17:49:17 - [MESSAGE][WARNING] - [SELF-HEALING] The current locator of test object 'Object Repository/Page_Login/svg' was broken. Propose an alternative one: 'svg'.

23-01-2024T17:49:19 - [MESSAGE][PASSED] - Object 'Object Repository/Page_Login/svg' is visible]]></system-out>
         <system-err><![CDATA[]]></system-err>
      </testcase>
      <testcase name="Test Cases/VerifyDashboard" time="136.504" classname="Test Cases/VerifyDashboard" status="PASSED">
         <system-out><![CDATA[23-01-2024T17:49:19 - [TEST_CASE][PASSED] - Test Cases/VerifyDashboard: Test Cases/VerifyDashboard

23-01-2024T17:49:19 - [TEST_STEP][PASSED] - callTestCase(findTestCase("Login"), [:], STOP_ON_FAILURE): Call Test Case 'Test Cases/Login' successfully

23-01-2024T17:49:19 - [TEST_CASE][PASSED] - Test Cases/Login: Test Cases/Login

23-01-2024T17:49:19 - [TEST_STEP][PASSED] - openBrowser(""): Browser is opened with url: ''

23-01-2024T17:49:19 - [MESSAGE][WARNING] - A browser is already opened. Closing browser and opening a new one

23-01-2024T17:49:20 - [MESSAGE][INFO] - User set preference: ['os', 'windows']

23-01-2024T17:49:20 - [MESSAGE][INFO] - User set preference: ['browserName', 'chrome']

23-01-2024T17:49:20 - [MESSAGE][INFO] - User set preference: ['browserVersion', '119']

23-01-2024T17:49:20 - [MESSAGE][INFO] - User set preference: ['katalon:option', '{organizationId=1359117, tunnelId=, usingTunnel=false}']

23-01-2024T17:49:20 - [MESSAGE][INFO] - Connecting to remote web server 'testcloud.katalon.com/hub' with type 'Selenium'

23-01-2024T17:49:20 - [MESSAGE][INFO] - Action delay is set to 0 milliseconds

23-01-2024T17:49:55 - [MESSAGE][PASSED] - Browser is opened with url: ''

23-01-2024T17:49:55 - [TEST_STEP][PASSED] - navigateToUrl("https://pyxis.lifeisgoodforlearner.com/login"): Navigate to 'https://pyxis.lifeisgoodforlearner.com/login' successfully

23-01-2024T17:49:59 - [MESSAGE][PASSED] - Navigate to 'https://pyxis.lifeisgoodforlearner.com/login' successfully

23-01-2024T17:49:59 - [TEST_STEP][PASSED] - takeScreenshotAsCheckpoint("homepage"): Taking screenshot successfully

23-01-2024T17:50:05 - [MESSAGE][INFO] - 0 hidden object(s)

23-01-2024T17:50:05 - [MESSAGE][PASSED] - Taking screenshot successfully
[[ATTACHMENT|keyes/keyes-homepage.png]]

23-01-2024T17:50:05 - [TEST_STEP][PASSED] - sendKeys(findTestObject("Page_Login/input_email"), "ankit@qable.io"): Keys 'ankit@qable.io' sent to object: 'Object Repository/Page_Login/input_email'

23-01-2024T17:50:09 - [MESSAGE][PASSED] - Keys 'ankit@qable.io' sent to object: 'Object Repository/Page_Login/input_email'

23-01-2024T17:50:09 - [TEST_STEP][PASSED] - sendKeys(findTestObject("Page_Login/input_password"), "QAble@2020"): Keys 'QAble@2020' sent to object: 'Object Repository/Page_Login/input_password'

23-01-2024T17:50:11 - [MESSAGE][PASSED] - Keys 'QAble@2020' sent to object: 'Object Repository/Page_Login/input_password'

23-01-2024T17:50:11 - [TEST_STEP][PASSED] - click(findTestObject("Page_Login/span_Login")): Object: 'Object Repository/Page_Login/span_Login' is clicked on

23-01-2024T17:50:14 - [MESSAGE][PASSED] - Object: 'Object Repository/Page_Login/span_Login' is clicked on

23-01-2024T17:50:14 - [TEST_STEP][PASSED] - takeScreenshotAsCheckpoint("dashboard"): Taking screenshot successfully

23-01-2024T17:50:22 - [MESSAGE][INFO] - 0 hidden object(s)

23-01-2024T17:50:22 - [MESSAGE][PASSED] - Taking screenshot successfully
[[ATTACHMENT|keyes/keyes-dashboard.png]]

23-01-2024T17:50:22 - [TEST_STEP][PASSED] - verifyElementVisible(findTestObject("Object Repository/Page_Login/svg")): Object 'Object Repository/Page_Login/svg' is visible

23-01-2024T17:50:53 - [MESSAGE][INFO] - Unable to find the element located by 'By.xpath: '. Please recheck the objects properties to make sure the desired element is located. 

23-01-2024T17:50:53 - [MESSAGE][WARNING] - [SELF-HEALING] Failed to find element with id 'Object Repository/Page_Login/svg'. Try using Self-healing.

23-01-2024T17:50:55 - [MESSAGE][WARNING] - [SELF-HEALING] The current locator of test object 'Object Repository/Page_Login/svg' was broken. Propose an alternative one: 'svg'.

23-01-2024T17:50:57 - [MESSAGE][PASSED] - Object 'Object Repository/Page_Login/svg' is visible

23-01-2024T17:50:57 - [MESSAGE][INFO] - 

23-01-2024T17:50:57 - [MESSAGE][INFO] - ===================== Self-healing Report ====================

23-01-2024T17:50:57 - [MESSAGE][INFO] - One of the failed test object locators has been recovered by Self-healing. Please refer to the Self-healing Insights tab for more details.

23-01-2024T17:50:57 - [MESSAGE][INFO] - To learn more about Self-healing, please read https://docs.katalon.com/katalon-studio/docs/self-healing.html

23-01-2024T17:50:57 - [MESSAGE][INFO] - ==============================================================

23-01-2024T17:50:57 - [MESSAGE][PASSED] - Call Test Case 'Test Cases/Login' successfully

23-01-2024T17:50:57 - [TEST_STEP][PASSED] - waitForElementClickable(findTestObject("button_Create Sequence"), 5): Object 'Object Repository/button_Create Sequence' is clickable

23-01-2024T17:51:01 - [MESSAGE][PASSED] - Object 'Object Repository/button_Create Sequence' is clickable

23-01-2024T17:51:01 - [TEST_STEP][PASSED] - verifyElementVisible(findTestObject("Object Repository/logout/button_Create Sequence")): Object 'Object Repository/logout/button_Create Sequence' is visible

23-01-2024T17:51:05 - [MESSAGE][PASSED] - Object 'Object Repository/logout/button_Create Sequence' is visible

23-01-2024T17:51:05 - [TEST_STEP][PASSED] - click(findTestObject("Object Repository/logout/div_AP")): Object: 'Object Repository/logout/div_AP' is clicked on

23-01-2024T17:51:08 - [MESSAGE][PASSED] - Object: 'Object Repository/logout/div_AP' is clicked on

23-01-2024T17:51:09 - [TEST_STEP][PASSED] - verifyElementVisible(findTestObject("Object Repository/logout/div_Log Out")): Object 'Object Repository/logout/div_Log Out' is visible

23-01-2024T17:51:13 - [MESSAGE][PASSED] - Object 'Object Repository/logout/div_Log Out' is visible

23-01-2024T17:51:13 - [TEST_STEP][PASSED] - takeScreenshotAsCheckpoint("logout"): Taking screenshot successfully

23-01-2024T17:51:17 - [MESSAGE][INFO] - 0 hidden object(s)

23-01-2024T17:51:17 - [MESSAGE][PASSED] - Taking screenshot successfully
[[ATTACHMENT|keyes/keyes-logout.png]]

23-01-2024T17:51:17 - [TEST_STEP][PASSED] - click(findTestObject("Object Repository/logout/div_Log Out")): Object: 'Object Repository/logout/div_Log Out' is clicked on

23-01-2024T17:51:21 - [MESSAGE][PASSED] - Object: 'Object Repository/logout/div_Log Out' is clicked on

23-01-2024T17:51:21 - [TEST_STEP][PASSED] - verifyElementVisible(findTestObject("Object Repository/logout/span_Welcome Back to Saleshandy")): Object 'Object Repository/logout/span_Welcome Back to Saleshandy' is visible

23-01-2024T17:51:26 - [MESSAGE][PASSED] - Object 'Object Repository/logout/span_Welcome Back to Saleshandy' is visible

23-01-2024T17:51:26 - [TEST_STEP][PASSED] - takeFullPageScreenshotAsCheckpoint("hopageFull"): Taking screenshot successfully

23-01-2024T17:51:35 - [MESSAGE][INFO] - 0 hidden object(s)

23-01-2024T17:51:36 - [MESSAGE][PASSED] - Taking screenshot successfully
[[ATTACHMENT|keyes/keyes-hopageFull.png]]]]></system-out>
         <system-err><![CDATA[]]></system-err>
      </testcase>
      <system-out><![CDATA[23-01-2024T17:47:35 - [TEST_SUITE][PASSED] - Smoke suite: Test Cases/VerifyDashboard]]></system-out>
      <system-err><![CDATA[]]></system-err>
   </testsuite>
</testsuites>
