<?xml version="1.0" encoding="UTF-8"?>
<testsuites name="Smoke suite" time="73.709" tests="1" failures="0" errors="0">
   <testsuite name="Smoke suite" tests="1" failures="0" errors="0" time="73.709" skipped="0" timestamp="23-01-2024T12:55:52" hostname="qabletestlab - 192.168.1.9" id="Test Suites/Smoke suite">
      <properties>
         <property name="deviceName"/>
         <property name="devicePlatform" value="MAC"/>
         <property name="logFolder" value="/Users/qabletestlab/git/SH_katalon_visual/Reports/20240123_125538/Smoke suite/20240123_125538"/>
         <property name="logFiles" value="/Users/qabletestlab/git/SH_katalon_visual/Reports/20240123_125538/Smoke suite/20240123_125538/execution0.log"/>
         <property name="attachments" value="keyes/keyes-Wellcomepage.png"/>
         <property name="hostName" value="qabletestlab - 192.168.1.9"/>
         <property name="remoteDriverUrl" value="testcloud.katalon.com/hub"/>
         <property name="desiredCapabilities" value="{&#xa;  &quot;timeouts&quot;: {&#xa;    &quot;implicit&quot;: 0,&#xa;    &quot;pageLoad&quot;: 300000,&#xa;    &quot;script&quot;: 30000&#xa;  },&#xa;  &quot;platform&quot;: &quot;MAC&quot;,&#xa;  &quot;goog:chromeOptions&quot;: {&#xa;    &quot;debuggerAddress&quot;: &quot;localhost:9225&quot;&#xa;  },&#xa;  &quot;requestId&quot;: &quot;ef538adb-2cf3-4f0e-9224-b69005709979&quot;,&#xa;  &quot;webauthn:extension:credBlob&quot;: true,&#xa;  &quot;acceptInsecureCerts&quot;: false,&#xa;  &quot;browserVersion&quot;: &quot;119.0.0.0&quot;,&#xa;  &quot;fedcm:accounts&quot;: true,&#xa;  &quot;browserName&quot;: &quot;chrome&quot;,&#xa;  &quot;javascriptEnabled&quot;: true,&#xa;  &quot;katalon:option&quot;: {&#xa;    &quot;unlimitedExecutionMinutes&quot;: true,&#xa;    &quot;apiKey&quot;: &quot;4bc93206-f119-45fb-b9ce-c2006b0d6cd5&quot;,&#xa;    &quot;tunnelMetadataId&quot;: &quot;27ec254c-3602-4242-b275-47c9fdb44251&quot;,&#xa;    &quot;userId&quot;: 1402564,&#xa;    &quot;organizationId&quot;: &quot;1359117&quot;,&#xa;    &quot;class&quot;: &quot;com.katalon.testcloud.grid.common.tunnel.domain.UserOptionCapability&quot;,&#xa;    &quot;runFromTestCloud&quot;: true,&#xa;    &quot;tenant&quot;: &quot;KatalonStudio&quot;,&#xa;    &quot;usingTunnel&quot;: true,&#xa;    &quot;group&quot;: &quot;b76af6db-1980-4cf2-8daa-23c3fda16ff4&quot;&#xa;  },&#xa;  &quot;platformName&quot;: &quot;MAC&quot;,&#xa;  &quot;setWindowRect&quot;: true,&#xa;  &quot;webauthn:extension:largeBlob&quot;: true,&#xa;  &quot;networkConnectionEnabled&quot;: false,&#xa;  &quot;chrome&quot;: {&#xa;    &quot;chromedriverVersion&quot;: &quot;119.0.6045.9 (c7ec5863fa5c563b4b9057148aa2ae3f09f7994e-refs/branch-heads/6045@{#87})&quot;,&#xa;    &quot;userDataDir&quot;: &quot;/var/folders/xj/k2lg4t351tg9qf15lvzjdm2m0000gp/T/.org.chromium.Chromium.pYHvlB&quot;&#xa;  },&#xa;  &quot;pageLoadStrategy&quot;: &quot;normal&quot;,&#xa;  &quot;unhandledPromptBehavior&quot;: &quot;dismiss and notify&quot;,&#xa;  &quot;strictFileInteractability&quot;: false,&#xa;  &quot;***:loadExtension&quot;: [&#xa;    &quot;https://prod-magicleap-user-files-us-east-1-v1.s3.amazonaws.com/extensions/orgId-691279/SmartWait.zip&quot;&#xa;  ],&#xa;  &quot;version&quot;: &quot;119&quot;,&#xa;  &quot;se:cdp&quot;: &quot;ws://172.48.47.234:4444/session/979ffab3da1ed2ccaab562ab8484ed2f/se/cdp&quot;,&#xa;  &quot;proxy&quot;: {&#xa;    &quot;proxyType&quot;: &quot;UNSPECIFIED&quot;,&#xa;    &quot;autodetect&quot;: false&#xa;  },&#xa;  &quot;webauthn:extension:minPinLength&quot;: true,&#xa;  &quot;webdriver.remote.sessionid&quot;: &quot;979ffab3da1ed2ccaab562ab8484ed2f&quot;,&#xa;  &quot;webauthn:extension:prf&quot;: true,&#xa;  &quot;webauthn:virtualAuthenticators&quot;: true&#xa;}"/>
         <property name="os" value="Mac OS X 64bit"/>
         <property name="remoteOS" value="MacOS"/>
         <property name="katalonVersion" value="9.2.0.212"/>
         <property name="browser" value="Chrome 119.0.0.0"/>
         <property name="hostAddress" value="192.168.1.9"/>
         <property name="sessionId" value="979ffab3da1ed2ccaab562ab8484ed2f"/>
         <property name="seleniumVersion" value="3.141.59"/>
         <property name="proxyInformation" value="ProxyInformation { proxyOption=NO_PROXY, proxyServerType=HTTP, username=, password=********, proxyServerAddress=, proxyServerPort=0, executionList=&quot;&quot;, isApplyToDesiredCapabilities=true }"/>
         <property name="platform" value="Mac OS X"/>
      </properties>
      <testcase name="Test Cases/Login" time="73.29" classname="Test Cases/Login" status="PASSED">
         <system-out><![CDATA[23-01-2024T12:55:53 - [TEST_CASE][PASSED] - Test Cases/Login: Test Cases/Login

23-01-2024T12:55:54 - [TEST_STEP][PASSED] - openBrowser(""): Browser is opened with url: ''

23-01-2024T12:55:54 - [MESSAGE][INFO] - User set preference: ['os', 'macos']

23-01-2024T12:55:54 - [MESSAGE][INFO] - User set preference: ['browserName', 'chrome']

23-01-2024T12:55:54 - [MESSAGE][INFO] - User set preference: ['browserVersion', '119']

23-01-2024T12:55:54 - [MESSAGE][INFO] - User set preference: ['katalon:option', '{organizationId=1359117, tunnelId=27ec254c-3602-4242-b275-47c9fdb44251, usingTunnel=true}']

23-01-2024T12:55:54 - [MESSAGE][INFO] - Connecting to remote web server 'testcloud.katalon.com/hub' with type 'Selenium'

23-01-2024T12:55:55 - [MESSAGE][INFO] - Action delay is set to 0 milliseconds

23-01-2024T12:56:48 - [MESSAGE][PASSED] - Browser is opened with url: ''

23-01-2024T12:56:48 - [TEST_STEP][PASSED] - navigateToUrl("https://pyxis.lifeisgoodforlearner.com/login"): Navigate to 'https://pyxis.lifeisgoodforlearner.com/login' successfully

23-01-2024T12:57:00 - [MESSAGE][PASSED] - Navigate to 'https://pyxis.lifeisgoodforlearner.com/login' successfully

23-01-2024T12:57:00 - [TEST_STEP][PASSED] - takeScreenshotAsCheckpoint("Wellcomepage"): Taking screenshot successfully

23-01-2024T12:57:06 - [MESSAGE][INFO] - 0 hidden object(s)

23-01-2024T12:57:06 - [MESSAGE][PASSED] - Taking screenshot successfully
[[ATTACHMENT|keyes/keyes-Wellcomepage.png]]]]></system-out>
         <system-err><![CDATA[]]></system-err>
      </testcase>
      <system-out><![CDATA[23-01-2024T12:55:52 - [TEST_SUITE][PASSED] - Smoke suite: Test Cases/Login]]></system-out>
      <system-err><![CDATA[]]></system-err>
   </testsuite>
</testsuites>
